
Showing logs for build [32mexplore-jenkinsx-chi-master-gdqqm-4[0m stage [32mfrom-build-pack[0m and container [32mstep-credential-initializer-bv45p[0m
{"level":"info","ts":1594260334.8002934,"logger":"fallback-logger","caller":"logging/config.go:69","msg":"Fetch GitHub commit ID from kodata failed: open /var/run/ko/refs/heads/0.8.0-ns-support: no such file or directory"}
{"level":"info","ts":1594260334.8007083,"logger":"fallback-logger","caller":"creds-init/main.go:40","msg":"Credentials initialized."}

Showing logs for build [32mexplore-jenkinsx-chi-master-gdqqm-4[0m stage [32mfrom-build-pack[0m and container [32mstep-working-dir-initializer-gjd5n[0m
{"level":"info","ts":1594260336.9307337,"logger":"fallback-logger","caller":"logging/config.go:69","msg":"Fetch GitHub commit ID from kodata failed: open /var/run/ko/HEAD: no such file or directory"}
{"level":"info","ts":1594260336.9330516,"logger":"fallback-logger","caller":"bash/main.go:64","msg":"Successfully executed command \"sh -c mkdir -p /workspace/source\"; output "}

Showing logs for build [32mexplore-jenkinsx-chi-master-gdqqm-4[0m stage [32mfrom-build-pack[0m and container [32mstep-place-tools[0m

Showing logs for build [32mexplore-jenkinsx-chi-master-gdqqm-4[0m stage [32mfrom-build-pack[0m and container [32mstep-git-source-explore-jenkinsx-chi-master-gdqqm-5t2mk[0m
{"level":"info","ts":1594260347.8011448,"logger":"fallback-logger","caller":"logging/config.go:69","msg":"Fetch GitHub commit ID from kodata failed: open /var/run/ko/refs/heads/0.8.0-ns-support: no such file or directory"}
{"level":"info","ts":1594260348.1467092,"logger":"fallback-logger","caller":"git/git.go:103","msg":"Successfully cloned https://github.com/explore-jenkinsx/chi.git @ v4.1.6 in path /workspace/source"}

Showing logs for build [32mexplore-jenkinsx-chi-master-gdqqm-4[0m stage [32mfrom-build-pack[0m and container [32mstep-setup-builder-home[0m

Showing logs for build [32mexplore-jenkinsx-chi-master-gdqqm-4[0m stage [32mfrom-build-pack[0m and container [32mstep-git-merge[0m
Using SHAs from PULL_REFS=master:2721b14fac85086be01d7d41be8b10602b16bbfa
WARNING: no SHAs to merge, falling back to initial cloned commit

Showing logs for build [32mexplore-jenkinsx-chi-master-gdqqm-4[0m stage [32mfrom-build-pack[0m and container [32mstep-setup-jx-git-credentials[0m
Generated Git credentials file /workspace/xdg_config/git/credentials

Showing logs for build [32mexplore-jenkinsx-chi-master-gdqqm-4[0m stage [32mfrom-build-pack[0m and container [32mstep-build-make-build[0m
CGO_ENABLED=0 GO15VENDOREXPERIMENT=1 go build -ldflags '' -o bin/chi main.go
can't load package: package main.go: cannot find package "main.go" in any of:
	/usr/local/go/src/main.go (from $GOROOT)
	/home/jenkins/go/src/main.go (from $GOPATH)
make: *** [build] Error 1
[31m
Pipeline failed on stage 'from-build-pack' : container 'step-build-make-build'. The execution of the pipeline has stopped.[0m
